Using pre-set license
Built from '2021.3/staging' branch; Version is '2021.3.10f1 (1c7d0df0160b) revision 1867021'; Using compiler version '192829333'; Build Type 'Release'
OS: 'Windows 10  (10.0.19045) 64bit ProfessionalWorkstation' Language: 'en' Physical Memory: 16306 MB
BatchMode: 1, IsHumanControllingUs: 0, StartBugReporterOnCrash: 0, Is64bit: 1, IsPro: 1

COMMAND LINE ARGUMENTS:
C:\Program Files\Unity\Hub\Editor\2021.3.10f1\Editor\Unity.exe
-adb2
-batchMode
-noUpm
-name
AssetImportWorker1
-projectPath
C:/Users/Imaginarium Admin/Documents/GitHub/COMM-170-Marc-Rico
-logFile
Logs/AssetImportWorker1.log
-srvPort
61432
Successfully changed project path to: C:/Users/Imaginarium Admin/Documents/GitHub/COMM-170-Marc-Rico
C:/Users/Imaginarium Admin/Documents/GitHub/COMM-170-Marc-Rico
[UnityMemory] Configuration Parameters - Can be set up in boot.config
    "memorysetup-bucket-allocator-granularity=16"
    "memorysetup-bucket-allocator-bucket-count=8"
    "memorysetup-bucket-allocator-block-size=33554432"
    "memorysetup-bucket-allocator-block-count=8"
    "memorysetup-main-allocator-block-size=16777216"
    "memorysetup-thread-allocator-block-size=16777216"
    "memorysetup-gfx-main-allocator-block-size=16777216"
    "memorysetup-gfx-thread-allocator-block-size=16777216"
    "memorysetup-cache-allocator-block-size=4194304"
    "memorysetup-typetree-allocator-block-size=2097152"
    "memorysetup-profiler-bucket-allocator-granularity=16"
    "memorysetup-profiler-bucket-allocator-bucket-count=8"
    "memorysetup-profiler-bucket-allocator-block-size=33554432"
    "memorysetup-profiler-bucket-allocator-block-count=8"
    "memorysetup-profiler-allocator-block-size=16777216"
    "memorysetup-profiler-editor-allocator-block-size=1048576"
    "memorysetup-temp-allocator-size-main=16777216"
    "memorysetup-job-temp-allocator-block-size=2097152"
    "memorysetup-job-temp-allocator-block-size-background=1048576"
    "memorysetup-job-temp-allocator-reduction-small-platforms=262144"
    "memorysetup-temp-allocator-size-background-worker=32768"
    "memorysetup-temp-allocator-size-job-worker=262144"
    "memorysetup-temp-allocator-size-preload-manager=33554432"
    "memorysetup-temp-allocator-size-nav-mesh-worker=65536"
    "memorysetup-temp-allocator-size-audio-worker=65536"
    "memorysetup-temp-allocator-size-cloud-worker=32768"
    "memorysetup-temp-allocator-size-gi-baking-worker=262144"
    "memorysetup-temp-allocator-size-gfx=262144"
Refreshing native plugins compatible for Editor in 237.64 ms, found 8 plugins.
Preloading 0 native plugins for Editor in 0.00 ms.
Initialize engine version: 2021.3.10f1 (1c7d0df0160b)
[Subsystems] Discovering subsystems at path C:/Program Files/Unity/Hub/Editor/2021.3.10f1/Editor/Data/Resources/UnitySubsystems
[Subsystems] Discovering subsystems at path C:/Users/Imaginarium Admin/Documents/GitHub/COMM-170-Marc-Rico/Assets
GfxDevice: creating device client; threaded=0; jobified=0
Direct3D:
    Version:  Direct3D 11.0 [level 11.1]
    Renderer: NVIDIA Quadro P4000 (ID=0x1bb1)
    Vendor:   NVIDIA
    VRAM:     8089 MB
    Driver:   30.0.14.7212
Initialize mono
Mono path[0] = 'C:/Program Files/Unity/Hub/Editor/2021.3.10f1/Editor/Data/Managed'
Mono path[1] = 'C:/Program Files/Unity/Hub/Editor/2021.3.10f1/Editor/Data/MonoBleedingEdge/lib/mono/unityjit-win32'
Mono config path = 'C:/Program Files/Unity/Hub/Editor/2021.3.10f1/Editor/Data/MonoBleedingEdge/etc'
Using monoOptions --debugger-agent=transport=dt_socket,embedding=1,server=y,suspend=n,address=127.0.0.1:56708
Begin MonoManager ReloadAssembly
Registering precompiled unity dll's ...
Register platform support module: C:/Program Files/Unity/Hub/Editor/2021.3.10f1/Editor/Data/PlaybackEngines/WindowsStandaloneSupport/UnityEditor.WindowsStandalone.Extensions.dll
Registered in 0.024132 seconds.
Native extension for WindowsStandalone target not found
Refreshing native plugins compatible for Editor in 139.29 ms, found 8 plugins.
Preloading 0 native plugins for Editor in 0.00 ms.
Mono: successfully reloaded assembly
- Completed reload, in  1.405 seconds
Domain Reload Profiling:
	ReloadAssembly (1406ms)
		BeginReloadAssembly (424ms)
			ExecutionOrderSort (0ms)
			DisableScriptedObjects (0ms)
			BackupInstance (0ms)
			ReleaseScriptingObjects (0ms)
			CreateAndSetChildDomain (1ms)
		EndReloadAssembly (747ms)
			LoadAssemblies (420ms)
			RebuildTransferFunctionScriptingTraits (0ms)
			SetupTypeCache (175ms)
			ReleaseScriptCaches (0ms)
			RebuildScriptCaches (45ms)
			SetupLoadedEditorAssemblies (437ms)
				LogAssemblyErrors (0ms)
				InitializePlatformSupportModulesInManaged (16ms)
				SetLoadedEditorAssemblies (1ms)
				RefreshPlugins (139ms)
				BeforeProcessingInitializeOnLoad (2ms)
				ProcessInitializeOnLoadAttributes (211ms)
				ProcessInitializeOnLoadMethodAttributes (67ms)
				AfterProcessingInitializeOnLoad (0ms)
				EditorAssembliesLoaded (0ms)
			ExecutionOrderSort2 (0ms)
			AwakeInstancesAfterBackupRestoration (0ms)
Platform modules already initialized, skipping
Registering precompiled user dll's ...
Registered in 0.101889 seconds.
Begin MonoManager ReloadAssembly
Symbol file LoadedFromMemory doesn't match image C:\Users\Imaginarium Admin\Documents\GitHub\COMM-170-Marc-Rico\Library\PackageCache\com.unity.visualscripting@1.7.8\Editor\VisualScripting.Core\Dependencies\YamlDotNet\Unity.VisualScripting.YamlDotNet.dll
Symbol file LoadedFromMemory doesn't match image C:\Users\Imaginarium Admin\Documents\GitHub\COMM-170-Marc-Rico\Library\PackageCache\com.unity.visualscripting@1.7.8\Editor\VisualScripting.Core\Dependencies\DotNetZip\Unity.VisualScripting.IonicZip.dll
Native extension for WindowsStandalone target not found
Refreshing native plugins compatible for Editor in 132.14 ms, found 8 plugins.
Preloading 0 native plugins for Editor in 0.00 ms.
Package Manager log level set to [2]
Mono: successfully reloaded assembly
- Completed reload, in  2.659 seconds
Domain Reload Profiling:
	ReloadAssembly (2660ms)
		BeginReloadAssembly (265ms)
			ExecutionOrderSort (0ms)
			DisableScriptedObjects (7ms)
			BackupInstance (0ms)
			ReleaseScriptingObjects (0ms)
			CreateAndSetChildDomain (28ms)
		EndReloadAssembly (2167ms)
			LoadAssemblies (675ms)
			RebuildTransferFunctionScriptingTraits (0ms)
			SetupTypeCache (489ms)
			ReleaseScriptCaches (1ms)
			RebuildScriptCaches (111ms)
			SetupLoadedEditorAssemblies (896ms)
				LogAssemblyErrors (0ms)
				InitializePlatformSupportModulesInManaged (8ms)
				SetLoadedEditorAssemblies (0ms)
				RefreshPlugins (132ms)
				BeforeProcessingInitializeOnLoad (175ms)
				ProcessInitializeOnLoadAttributes (499ms)
				ProcessInitializeOnLoadMethodAttributes (54ms)
				AfterProcessingInitializeOnLoad (28ms)
				EditorAssembliesLoaded (0ms)
			ExecutionOrderSort2 (0ms)
			AwakeInstancesAfterBackupRestoration (17ms)
Platform modules already initialized, skipping
========================================================================
Worker process is ready to serve import requests
Launched and connected shader compiler UnityShaderCompiler.exe after 0.18 seconds
Refreshing native plugins compatible for Editor in 1.89 ms, found 8 plugins.
Preloading 0 native plugins for Editor in 0.00 ms.
Unloading 4205 Unused Serialized files (Serialized files now loaded: 0)
Unloading 46 unused Assets / (56.1 KB). Loaded Objects now: 4649.
Memory consumption went from 145.8 MB to 145.8 MB.
Total: 5.314800 ms (FindLiveObjects: 0.399700 ms CreateObjectMapping: 0.229100 ms MarkObjects: 4.538800 ms  DeleteObjects: 0.145700 ms)

AssetImportParameters requested are different than current active one (requested -> active):
  custom:video-decoder-ogg-theora: a1e56fd34408186e4bbccfd4996cb3dc -> 
  custom:container-muxer-webm: aa71ff27fc2769a1b78a27578f13a17b -> 
  custom:container-demuxer-webm: 4f35f7cbe854078d1ac9338744f61a02 -> 
  custom:video-encoder-webm-vp8: eb34c28f22e8b96e1ab97ce403110664 -> 
  custom:audio-encoder-webm-vorbis: bf7c407c2cedff20999df2af8eb42d56 -> 
  custom:framework-win-MediaFoundation: 216162199b28c13a410421893ffa2e32 -> 
  custom:container-demuxer-ogg: 62fdf1f143b41e24485cea50d1cbac27 -> 
  custom:video-decoder-webm-vp8: 9c59270c3fd7afecdb556c50c9e8de78 -> 
  custom:audio-decoder-ogg-vorbis: bf7c407c2cedff20999df2af8eb42d56 -> 
========================================================================
Received Import Request.
  Time since last request: 354588.891331 seconds.
  path: Assets/Prefb/XR Origin.prefab
  artifactKey: Guid(be9b5fbf4f7958b48bd59c33bf2f9adf) Importer(815301076,1909f56bfc062723c751e8b465ee728b)
Start importing Assets/Prefb/XR Origin.prefab using Guid(be9b5fbf4f7958b48bd59c33bf2f9adf) Importer(815301076,1909f56bfc062723c751e8b465ee728b)  -> (artifact id: '950db5d15783bf0ab7bfad8a5c1ec913') in 0.271818 seconds 
========================================================================
Received Import Request.
  Time since last request: 209.065651 seconds.
  path: Assets/Materials/Sphere.mat
  artifactKey: Guid(0c215ae4cb3a32a4bb1c79a9d0e91b85) Importer(815301076,1909f56bfc062723c751e8b465ee728b)
Start importing Assets/Materials/Sphere.mat using Guid(0c215ae4cb3a32a4bb1c79a9d0e91b85) Importer(815301076,1909f56bfc062723c751e8b465ee728b)  -> (artifact id: 'ac65537447e972872c20f16d24f02d6d') in 0.351991 seconds 
========================================================================
Received Import Request.
  Time since last request: 215.118382 seconds.
  path: Assets/Prefb/Pokemon Center/textures/PC_Texture.tga.png
  artifactKey: Guid(296c885a9e1e8b1439b303c89ed757c8) Importer(815301076,1909f56bfc062723c751e8b465ee728b)
Start importing Assets/Prefb/Pokemon Center/textures/PC_Texture.tga.png using Guid(296c885a9e1e8b1439b303c89ed757c8) Importer(815301076,1909f56bfc062723c751e8b465ee728b)  -> (artifact id: '5e1c5cd152f39ec4ffffc0db218f6841') in 0.073165 seconds 
========================================================================
Received Import Request.
  Time since last request: 478.176820 seconds.
  path: Assets/Prefb/Trainer/textures/clothing_color.png
  artifactKey: Guid(1254565eb45de6f4eb14557188865259) Importer(815301076,1909f56bfc062723c751e8b465ee728b)
Start importing Assets/Prefb/Trainer/textures/clothing_color.png using Guid(1254565eb45de6f4eb14557188865259) Importer(815301076,1909f56bfc062723c751e8b465ee728b)  -> (artifact id: '17d69cba33efc0c856f08fc3d1c545e4') in 0.042078 seconds 
========================================================================
Received Import Request.
  Time since last request: 0.000035 seconds.
  path: Assets/Prefb/Trainer/textures/eyes_color.png
  artifactKey: Guid(f510e79b203d39547beb372844d767ea) Importer(815301076,1909f56bfc062723c751e8b465ee728b)
Start importing Assets/Prefb/Trainer/textures/eyes_color.png using Guid(f510e79b203d39547beb372844d767ea) Importer(815301076,1909f56bfc062723c751e8b465ee728b)  -> (artifact id: 'f128aeb30a903258f69add986604242c') in 0.042055 seconds 
========================================================================
Received Import Request.
  Time since last request: 0.000039 seconds.
  path: Assets/Prefb/Trainer/textures/lips_color.png
  artifactKey: Guid(3d94df4afe2660e47b06db99884828b9) Importer(815301076,1909f56bfc062723c751e8b465ee728b)
Start importing Assets/Prefb/Trainer/textures/lips_color.png using Guid(3d94df4afe2660e47b06db99884828b9) Importer(815301076,1909f56bfc062723c751e8b465ee728b)  -> (artifact id: '23b1f298acb32c65c754382255497c77') in 0.070851 seconds 
========================================================================
Received Import Request.
  Time since last request: 88.194946 seconds.
  path: Assets/Prefb/Pokemon Center/Materials/PC_Texture.tga.mat
  artifactKey: Guid(20eae79859cb0784e875e00a743454a3) Importer(815301076,1909f56bfc062723c751e8b465ee728b)
Start importing Assets/Prefb/Pokemon Center/Materials/PC_Texture.tga.mat using Guid(20eae79859cb0784e875e00a743454a3) Importer(815301076,1909f56bfc062723c751e8b465ee728b)  -> (artifact id: 'bcd500aeefd4bf450200f930cc70a282') in 0.046276 seconds 
